<?xml version="1.0" encoding="UTF-8"?>
<!-- Generated by org.testng.reporters.JUnitReportReporter -->
<testsuite skipped="0" hostname="DESKTOP-27L8JE7" name="pom.TC_007" tests="1" failures="0" timestamp="08 Oct 2020 07:33:02 GMT" time="18.598" errors="0">
  <testcase name="loginTest" time="18.598" classname="pom.TC_007"/>
</testsuite> <!-- pom.TC_007 -->
