<?xml version="1.0" encoding="UTF-8"?>
<!-- Generated by org.testng.reporters.JUnitReportReporter -->
<testsuite skipped="0" hostname="DESKTOP-AA4AD8I" name="suiteD.TestD2" tests="1" failures="0" timestamp="04 Oct 2019 01:12:15 GMT" time="5.004" errors="0">
  <testcase name="testD2" time="5.004" classname="suiteD.TestD2"/>
</testsuite> <!-- suiteD.TestD2 -->
