<?xml version="1.0" encoding="UTF-8"?>
<!-- Generated by org.testng.reporters.JUnitReportReporter -->
<testsuite skipped="0" hostname="DESKTOP-AA4AD8I" name="suiteC.TestC3" tests="1" failures="0" timestamp="04 Oct 2019 01:12:15 GMT" time="5.062" errors="0">
  <testcase name="testC3" time="5.062" classname="suiteC.TestC3"/>
</testsuite> <!-- suiteC.TestC3 -->
